<?xml version="1.0" encoding="UTF-8"?>
<testsuite xmlns:xsi="http://www.w3.org/2001/XMLSchema-instance" xsi:noNamespaceSchemaLocation="https://maven.apache.org/surefire/maven-surefire-plugin/xsd/surefire-test-report.xsd" name="com.spring.cloud.learning.service.AppTest" time="0.041" tests="1" errors="0" skipped="0" failures="0">
  <properties>
    <property name="sun.desktop" value="windows"/>
    <property name="awt.toolkit" value="sun.awt.windows.WToolkit"/>
    <property name="file.encoding.pkg" value="sun.io"/>
    <property name="java.specification.version" value="1.8"/>
    <property name="sun.cpu.isalist" value="pentium_pro+mmx pentium_pro pentium+mmx pentium i486 i386 i86"/>
    <property name="sun.jnu.encoding" value="GBK"/>
    <property name="java.class.path" value="G:\project\spring-cloud-learning\spring-cloud-learning-service\target\test-classes;G:\project\spring-cloud-learning\spring-cloud-learning-service\target\classes;C:\Users\tang\.m2\repository\junit\junit\4.11\junit-4.11.jar;C:\Users\tang\.m2\repository\org\hamcrest\hamcrest-core\1.3\hamcrest-core-1.3.jar;C:\Users\tang\.m2\repository\org\springframework\cloud\spring-cloud-starter-eureka-server\1.4.7.RELEASE\spring-cloud-starter-eureka-server-1.4.7.RELEASE.jar;C:\Users\tang\.m2\repository\org\springframework\cloud\spring-cloud-starter-netflix-eureka-server\1.4.7.RELEASE\spring-cloud-starter-netflix-eureka-server-1.4.7.RELEASE.jar;C:\Users\tang\.m2\repository\org\springframework\cloud\spring-cloud-starter\1.3.6.RELEASE\spring-cloud-starter-1.3.6.RELEASE.jar;C:\Users\tang\.m2\repository\org\springframework\boot\spring-boot-starter\1.5.21.RELEASE\spring-boot-starter-1.5.21.RELEASE.jar;C:\Users\tang\.m2\repository\org\springframework\boot\spring-boot-starter-logging\1.5.21.RELEASE\spring-boot-starter-logging-1.5.21.RELEASE.jar;C:\Users\tang\.m2\repository\ch\qos\logback\logback-classic\1.1.11\logback-classic-1.1.11.jar;C:\Users\tang\.m2\repository\ch\qos\logback\logback-core\1.1.11\logback-core-1.1.11.jar;C:\Users\tang\.m2\repository\org\slf4j\jcl-over-slf4j\1.7.26\jcl-over-slf4j-1.7.26.jar;C:\Users\tang\.m2\repository\org\slf4j\jul-to-slf4j\1.7.26\jul-to-slf4j-1.7.26.jar;C:\Users\tang\.m2\repository\org\slf4j\log4j-over-slf4j\1.7.26\log4j-over-slf4j-1.7.26.jar;C:\Users\tang\.m2\repository\org\yaml\snakeyaml\1.17\snakeyaml-1.17.jar;C:\Users\tang\.m2\repository\org\springframework\cloud\spring-cloud-context\1.3.6.RELEASE\spring-cloud-context-1.3.6.RELEASE.jar;C:\Users\tang\.m2\repository\org\springframework\security\spring-security-crypto\4.2.12.RELEASE\spring-security-crypto-4.2.12.RELEASE.jar;C:\Users\tang\.m2\repository\org\springframework\cloud\spring-cloud-commons\1.3.6.RELEASE\spring-cloud-commons-1.3.6.RELEASE.jar;C:\Users\tang\.m2\repository\org\apache\httpcomponents\httpclient\4.5.1\httpclient-4.5.1.jar;C:\Users\tang\.m2\repository\org\apache\httpcomponents\httpcore\4.4.3\httpcore-4.4.3.jar;C:\Users\tang\.m2\repository\commons-codec\commons-codec\1.9\commons-codec-1.9.jar;C:\Users\tang\.m2\repository\org\springframework\security\spring-security-rsa\1.0.3.RELEASE\spring-security-rsa-1.0.3.RELEASE.jar;C:\Users\tang\.m2\repository\org\bouncycastle\bcpkix-jdk15on\1.55\bcpkix-jdk15on-1.55.jar;C:\Users\tang\.m2\repository\org\bouncycastle\bcprov-jdk15on\1.55\bcprov-jdk15on-1.55.jar;C:\Users\tang\.m2\repository\org\springframework\cloud\spring-cloud-netflix-eureka-server\1.4.7.RELEASE\spring-cloud-netflix-eureka-server-1.4.7.RELEASE.jar;C:\Users\tang\.m2\repository\org\springframework\boot\spring-boot-starter-web\1.5.21.RELEASE\spring-boot-starter-web-1.5.21.RELEASE.jar;C:\Users\tang\.m2\repository\org\springframework\boot\spring-boot-starter-tomcat\1.5.21.RELEASE\spring-boot-starter-tomcat-1.5.21.RELEASE.jar;C:\Users\tang\.m2\repository\org\apache\tomcat\embed\tomcat-embed-core\8.5.40\tomcat-embed-core-8.5.40.jar;C:\Users\tang\.m2\repository\org\apache\tomcat\tomcat-annotations-api\8.5.40\tomcat-annotations-api-8.5.40.jar;C:\Users\tang\.m2\repository\org\apache\tomcat\embed\tomcat-embed-el\8.5.40\tomcat-embed-el-8.5.40.jar;C:\Users\tang\.m2\repository\org\apache\tomcat\embed\tomcat-embed-websocket\8.5.40\tomcat-embed-websocket-8.5.40.jar;C:\Users\tang\.m2\repository\org\hibernate\hibernate-validator\5.3.6.Final\hibernate-validator-5.3.6.Final.jar;C:\Users\tang\.m2\repository\javax\validation\validation-api\1.1.0.Final\validation-api-1.1.0.Final.jar;C:\Users\tang\.m2\repository\org\jboss\logging\jboss-logging\3.3.0.Final\jboss-logging-3.3.0.Final.jar;C:\Users\tang\.m2\repository\com\fasterxml\classmate\1.3.1\classmate-1.3.1.jar;C:\Users\tang\.m2\repository\org\springframework\spring-web\4.3.24.RELEASE\spring-web-4.3.24.RELEASE.jar;C:\Users\tang\.m2\repository\org\springframework\spring-webmvc\4.3.24.RELEASE\spring-webmvc-4.3.24.RELEASE.jar;C:\Users\tang\.m2\repository\org\springframework\boot\spring-boot-starter-actuator\1.5.21.RELEASE\spring-boot-starter-actuator-1.5.21.RELEASE.jar;C:\Users\tang\.m2\repository\org\springframework\boot\spring-boot-actuator\1.5.21.RELEASE\spring-boot-actuator-1.5.21.RELEASE.jar;C:\Users\tang\.m2\repository\org\springframework\boot\spring-boot-starter-freemarker\1.5.21.RELEASE\spring-boot-starter-freemarker-1.5.21.RELEASE.jar;C:\Users\tang\.m2\repository\org\freemarker\freemarker\2.3.28\freemarker-2.3.28.jar;C:\Users\tang\.m2\repository\org\springframework\spring-context-support\4.3.24.RELEASE\spring-context-support-4.3.24.RELEASE.jar;C:\Users\tang\.m2\repository\org\springframework\cloud\spring-cloud-netflix-core\1.4.7.RELEASE\spring-cloud-netflix-core-1.4.7.RELEASE.jar;C:\Users\tang\.m2\repository\org\springframework\cloud\spring-cloud-netflix-eureka-client\1.4.7.RELEASE\spring-cloud-netflix-eureka-client-1.4.7.RELEASE.jar;C:\Users\tang\.m2\repository\com\netflix\eureka\eureka-client\1.7.2\eureka-client-1.7.2.jar;C:\Users\tang\.m2\repository\org\codehaus\jettison\jettison\1.3.7\jettison-1.3.7.jar;C:\Users\tang\.m2\repository\stax\stax-api\1.0.1\stax-api-1.0.1.jar;C:\Users\tang\.m2\repository\com\netflix\netflix-commons\netflix-eventbus\0.3.0\netflix-eventbus-0.3.0.jar;C:\Users\tang\.m2\repository\com\netflix\netflix-commons\netflix-infix\0.3.0\netflix-infix-0.3.0.jar;C:\Users\tang\.m2\repository\commons-jxpath\commons-jxpath\1.3\commons-jxpath-1.3.jar;C:\Users\tang\.m2\repository\org\antlr\antlr-runtime\3.4\antlr-runtime-3.4.jar;C:\Users\tang\.m2\repository\org\antlr\stringtemplate\3.2.1\stringtemplate-3.2.1.jar;C:\Users\tang\.m2\repository\antlr\antlr\2.7.7\antlr-2.7.7.jar;C:\Users\tang\.m2\repository\com\google\code\gson\gson\2.1\gson-2.1.jar;C:\Users\tang\.m2\repository\org\apache\commons\commons-math\2.2\commons-math-2.2.jar;C:\Users\tang\.m2\repository\javax\ws\rs\jsr311-api\1.1.1\jsr311-api-1.1.1.jar;C:\Users\tang\.m2\repository\com\netflix\servo\servo-core\0.10.1\servo-core-0.10.1.jar;C:\Users\tang\.m2\repository\com\netflix\servo\servo-internal\0.10.1\servo-internal-0.10.1.jar;C:\Users\tang\.m2\repository\com\sun\jersey\jersey-core\1.19.1\jersey-core-1.19.1.jar;C:\Users\tang\.m2\repository\com\sun\jersey\jersey-client\1.19.1\jersey-client-1.19.1.jar;C:\Users\tang\.m2\repository\com\sun\jersey\contribs\jersey-apache-client4\1.19.1\jersey-apache-client4-1.19.1.jar;C:\Users\tang\.m2\repository\com\google\inject\guice\4.1.0\guice-4.1.0.jar;C:\Users\tang\.m2\repository\aopalliance\aopalliance\1.0\aopalliance-1.0.jar;C:\Users\tang\.m2\repository\com\sun\jersey\jersey-servlet\1.19.1\jersey-servlet-1.19.1.jar;C:\Users\tang\.m2\repository\com\sun\jersey\jersey-server\1.19.1\jersey-server-1.19.1.jar;C:\Users\tang\.m2\repository\com\netflix\eureka\eureka-core\1.7.2\eureka-core-1.7.2.jar;C:\Users\tang\.m2\repository\com\amazonaws\aws-java-sdk-core\1.11.105\aws-java-sdk-core-1.11.105.jar;C:\Users\tang\.m2\repository\software\amazon\ion\ion-java\1.0.2\ion-java-1.0.2.jar;C:\Users\tang\.m2\repository\com\fasterxml\jackson\dataformat\jackson-dataformat-cbor\2.6.6\jackson-dataformat-cbor-2.6.6.jar;C:\Users\tang\.m2\repository\joda-time\joda-time\2.8.1\joda-time-2.8.1.jar;C:\Users\tang\.m2\repository\com\amazonaws\aws-java-sdk-ec2\1.11.105\aws-java-sdk-ec2-1.11.105.jar;C:\Users\tang\.m2\repository\com\amazonaws\jmespath-java\1.11.105\jmespath-java-1.11.105.jar;C:\Users\tang\.m2\repository\com\amazonaws\aws-java-sdk-autoscaling\1.11.105\aws-java-sdk-autoscaling-1.11.105.jar;C:\Users\tang\.m2\repository\com\amazonaws\aws-java-sdk-sts\1.11.105\aws-java-sdk-sts-1.11.105.jar;C:\Users\tang\.m2\repository\com\amazonaws\aws-java-sdk-route53\1.11.105\aws-java-sdk-route53-1.11.105.jar;C:\Users\tang\.m2\repository\javax\servlet\servlet-api\2.5\servlet-api-2.5.jar;C:\Users\tang\.m2\repository\org\codehaus\woodstox\woodstox-core-asl\4.4.1\woodstox-core-asl-4.4.1.jar;C:\Users\tang\.m2\repository\javax\xml\stream\stax-api\1.0-2\stax-api-1.0-2.jar;C:\Users\tang\.m2\repository\com\netflix\archaius\archaius-core\0.7.4\archaius-core-0.7.4.jar;C:\Users\tang\.m2\repository\com\google\code\findbugs\jsr305\3.0.1\jsr305-3.0.1.jar;C:\Users\tang\.m2\repository\javax\inject\javax.inject\1\javax.inject-1.jar;C:\Users\tang\.m2\repository\com\fasterxml\jackson\dataformat\jackson-dataformat-xml\2.8.11\jackson-dataformat-xml-2.8.11.jar;C:\Users\tang\.m2\repository\com\fasterxml\jackson\module\jackson-module-jaxb-annotations\2.8.11\jackson-module-jaxb-annotations-2.8.11.jar;C:\Users\tang\.m2\repository\org\codehaus\woodstox\stax2-api\3.1.4\stax2-api-3.1.4.jar;C:\Users\tang\.m2\repository\com\fasterxml\woodstox\woodstox-core\5.0.3\woodstox-core-5.0.3.jar;C:\Users\tang\.m2\repository\com\thoughtworks\xstream\xstream\1.4.10\xstream-1.4.10.jar;C:\Users\tang\.m2\repository\xmlpull\xmlpull\1.1.3.1\xmlpull-1.1.3.1.jar;C:\Users\tang\.m2\repository\xpp3\xpp3_min\1.1.4c\xpp3_min-1.1.4c.jar;C:\Users\tang\.m2\repository\org\springframework\cloud\spring-cloud-starter-netflix-archaius\1.4.7.RELEASE\spring-cloud-starter-netflix-archaius-1.4.7.RELEASE.jar;C:\Users\tang\.m2\repository\commons-configuration\commons-configuration\1.8\commons-configuration-1.8.jar;C:\Users\tang\.m2\repository\commons-lang\commons-lang\2.6\commons-lang-2.6.jar;C:\Users\tang\.m2\repository\com\fasterxml\jackson\core\jackson-annotations\2.8.0\jackson-annotations-2.8.0.jar;C:\Users\tang\.m2\repository\com\fasterxml\jackson\core\jackson-core\2.8.11\jackson-core-2.8.11.jar;C:\Users\tang\.m2\repository\com\fasterxml\jackson\core\jackson-databind\2.8.11.3\jackson-databind-2.8.11.3.jar;C:\Users\tang\.m2\repository\com\google\guava\guava\18.0\guava-18.0.jar;C:\Users\tang\.m2\repository\org\springframework\cloud\spring-cloud-starter-netflix-ribbon\1.4.7.RELEASE\spring-cloud-starter-netflix-ribbon-1.4.7.RELEASE.jar;C:\Users\tang\.m2\repository\com\netflix\ribbon\ribbon\2.2.5\ribbon-2.2.5.jar;C:\Users\tang\.m2\repository\com\netflix\ribbon\ribbon-transport\2.2.5\ribbon-transport-2.2.5.jar;C:\Users\tang\.m2\repository\io\reactivex\rxnetty-contexts\0.4.9\rxnetty-contexts-0.4.9.jar;C:\Users\tang\.m2\repository\io\reactivex\rxnetty-servo\0.4.9\rxnetty-servo-0.4.9.jar;C:\Users\tang\.m2\repository\com\netflix\hystrix\hystrix-core\1.4.3\hystrix-core-1.4.3.jar;C:\Users\tang\.m2\repository\io\reactivex\rxnetty\0.4.9\rxnetty-0.4.9.jar;C:\Users\tang\.m2\repository\com\netflix\ribbon\ribbon-core\2.2.5\ribbon-core-2.2.5.jar;C:\Users\tang\.m2\repository\com\netflix\ribbon\ribbon-httpclient\2.2.5\ribbon-httpclient-2.2.5.jar;C:\Users\tang\.m2\repository\commons-collections\commons-collections\3.2.2\commons-collections-3.2.2.jar;C:\Users\tang\.m2\repository\com\netflix\netflix-commons\netflix-commons-util\0.1.1\netflix-commons-util-0.1.1.jar;C:\Users\tang\.m2\repository\com\netflix\ribbon\ribbon-loadbalancer\2.2.5\ribbon-loadbalancer-2.2.5.jar;C:\Users\tang\.m2\repository\com\netflix\netflix-commons\netflix-statistics\0.1.1\netflix-statistics-0.1.1.jar;C:\Users\tang\.m2\repository\io\reactivex\rxjava\1.2.0\rxjava-1.2.0.jar;C:\Users\tang\.m2\repository\com\netflix\ribbon\ribbon-eureka\2.2.5\ribbon-eureka-2.2.5.jar;C:\Users\tang\.m2\repository\org\slf4j\slf4j-api\1.7.12\slf4j-api-1.7.12.jar;C:\Users\tang\.m2\repository\org\springframework\boot\spring-boot-devtools\1.5.18.RELEASE\spring-boot-devtools-1.5.18.RELEASE.jar;C:\Users\tang\.m2\repository\org\springframework\boot\spring-boot\1.5.18.RELEASE\spring-boot-1.5.18.RELEASE.jar;C:\Users\tang\.m2\repository\org\springframework\spring-core\4.3.21.RELEASE\spring-core-4.3.21.RELEASE.jar;C:\Users\tang\.m2\repository\commons-logging\commons-logging\1.2\commons-logging-1.2.jar;C:\Users\tang\.m2\repository\org\springframework\spring-context\4.3.21.RELEASE\spring-context-4.3.21.RELEASE.jar;C:\Users\tang\.m2\repository\org\springframework\spring-aop\4.3.21.RELEASE\spring-aop-4.3.21.RELEASE.jar;C:\Users\tang\.m2\repository\org\springframework\spring-beans\4.3.21.RELEASE\spring-beans-4.3.21.RELEASE.jar;C:\Users\tang\.m2\repository\org\springframework\spring-expression\4.3.21.RELEASE\spring-expression-4.3.21.RELEASE.jar;C:\Users\tang\.m2\repository\org\springframework\boot\spring-boot-autoconfigure\1.5.18.RELEASE\spring-boot-autoconfigure-1.5.18.RELEASE.jar;"/>
    <property name="java.vm.vendor" value="Oracle Corporation"/>
    <property name="sun.arch.data.model" value="32"/>
    <property name="user.variant" value=""/>
    <property name="java.vendor.url" value="http://java.oracle.com/"/>
    <property name="user.timezone" value="Asia/Shanghai"/>
    <property name="java.vm.specification.version" value="1.8"/>
    <property name="os.name" value="Windows 10"/>
    <property name="user.country" value="CN"/>
    <property name="sun.java.launcher" value="SUN_STANDARD"/>
    <property name="sun.boot.library.path" value="C:\Program Files (x86)\Java\jdk1.8.0_66\jre\bin"/>
    <property name="sun.java.command" value="C:\Users\tang\AppData\Local\Temp\surefire2175992918033466814\surefirebooter5153768538336934948.jar C:\Users\tang\AppData\Local\Temp\surefire2175992918033466814 2019-07-20T13-46-01_107-jvmRun1 surefire6339800471060452508tmp surefire_0213746187300480679tmp"/>
    <property name="surefire.test.class.path" value="G:\project\spring-cloud-learning\spring-cloud-learning-service\target\test-classes;G:\project\spring-cloud-learning\spring-cloud-learning-service\target\classes;C:\Users\tang\.m2\repository\junit\junit\4.11\junit-4.11.jar;C:\Users\tang\.m2\repository\org\hamcrest\hamcrest-core\1.3\hamcrest-core-1.3.jar;C:\Users\tang\.m2\repository\org\springframework\cloud\spring-cloud-starter-eureka-server\1.4.7.RELEASE\spring-cloud-starter-eureka-server-1.4.7.RELEASE.jar;C:\Users\tang\.m2\repository\org\springframework\cloud\spring-cloud-starter-netflix-eureka-server\1.4.7.RELEASE\spring-cloud-starter-netflix-eureka-server-1.4.7.RELEASE.jar;C:\Users\tang\.m2\repository\org\springframework\cloud\spring-cloud-starter\1.3.6.RELEASE\spring-cloud-starter-1.3.6.RELEASE.jar;C:\Users\tang\.m2\repository\org\springframework\boot\spring-boot-starter\1.5.21.RELEASE\spring-boot-starter-1.5.21.RELEASE.jar;C:\Users\tang\.m2\repository\org\springframework\boot\spring-boot-starter-logging\1.5.21.RELEASE\spring-boot-starter-logging-1.5.21.RELEASE.jar;C:\Users\tang\.m2\repository\ch\qos\logback\logback-classic\1.1.11\logback-classic-1.1.11.jar;C:\Users\tang\.m2\repository\ch\qos\logback\logback-core\1.1.11\logback-core-1.1.11.jar;C:\Users\tang\.m2\repository\org\slf4j\jcl-over-slf4j\1.7.26\jcl-over-slf4j-1.7.26.jar;C:\Users\tang\.m2\repository\org\slf4j\jul-to-slf4j\1.7.26\jul-to-slf4j-1.7.26.jar;C:\Users\tang\.m2\repository\org\slf4j\log4j-over-slf4j\1.7.26\log4j-over-slf4j-1.7.26.jar;C:\Users\tang\.m2\repository\org\yaml\snakeyaml\1.17\snakeyaml-1.17.jar;C:\Users\tang\.m2\repository\org\springframework\cloud\spring-cloud-context\1.3.6.RELEASE\spring-cloud-context-1.3.6.RELEASE.jar;C:\Users\tang\.m2\repository\org\springframework\security\spring-security-crypto\4.2.12.RELEASE\spring-security-crypto-4.2.12.RELEASE.jar;C:\Users\tang\.m2\repository\org\springframework\cloud\spring-cloud-commons\1.3.6.RELEASE\spring-cloud-commons-1.3.6.RELEASE.jar;C:\Users\tang\.m2\repository\org\apache\httpcomponents\httpclient\4.5.1\httpclient-4.5.1.jar;C:\Users\tang\.m2\repository\org\apache\httpcomponents\httpcore\4.4.3\httpcore-4.4.3.jar;C:\Users\tang\.m2\repository\commons-codec\commons-codec\1.9\commons-codec-1.9.jar;C:\Users\tang\.m2\repository\org\springframework\security\spring-security-rsa\1.0.3.RELEASE\spring-security-rsa-1.0.3.RELEASE.jar;C:\Users\tang\.m2\repository\org\bouncycastle\bcpkix-jdk15on\1.55\bcpkix-jdk15on-1.55.jar;C:\Users\tang\.m2\repository\org\bouncycastle\bcprov-jdk15on\1.55\bcprov-jdk15on-1.55.jar;C:\Users\tang\.m2\repository\org\springframework\cloud\spring-cloud-netflix-eureka-server\1.4.7.RELEASE\spring-cloud-netflix-eureka-server-1.4.7.RELEASE.jar;C:\Users\tang\.m2\repository\org\springframework\boot\spring-boot-starter-web\1.5.21.RELEASE\spring-boot-starter-web-1.5.21.RELEASE.jar;C:\Users\tang\.m2\repository\org\springframework\boot\spring-boot-starter-tomcat\1.5.21.RELEASE\spring-boot-starter-tomcat-1.5.21.RELEASE.jar;C:\Users\tang\.m2\repository\org\apache\tomcat\embed\tomcat-embed-core\8.5.40\tomcat-embed-core-8.5.40.jar;C:\Users\tang\.m2\repository\org\apache\tomcat\tomcat-annotations-api\8.5.40\tomcat-annotations-api-8.5.40.jar;C:\Users\tang\.m2\repository\org\apache\tomcat\embed\tomcat-embed-el\8.5.40\tomcat-embed-el-8.5.40.jar;C:\Users\tang\.m2\repository\org\apache\tomcat\embed\tomcat-embed-websocket\8.5.40\tomcat-embed-websocket-8.5.40.jar;C:\Users\tang\.m2\repository\org\hibernate\hibernate-validator\5.3.6.Final\hibernate-validator-5.3.6.Final.jar;C:\Users\tang\.m2\repository\javax\validation\validation-api\1.1.0.Final\validation-api-1.1.0.Final.jar;C:\Users\tang\.m2\repository\org\jboss\logging\jboss-logging\3.3.0.Final\jboss-logging-3.3.0.Final.jar;C:\Users\tang\.m2\repository\com\fasterxml\classmate\1.3.1\classmate-1.3.1.jar;C:\Users\tang\.m2\repository\org\springframework\spring-web\4.3.24.RELEASE\spring-web-4.3.24.RELEASE.jar;C:\Users\tang\.m2\repository\org\springframework\spring-webmvc\4.3.24.RELEASE\spring-webmvc-4.3.24.RELEASE.jar;C:\Users\tang\.m2\repository\org\springframework\boot\spring-boot-starter-actuator\1.5.21.RELEASE\spring-boot-starter-actuator-1.5.21.RELEASE.jar;C:\Users\tang\.m2\repository\org\springframework\boot\spring-boot-actuator\1.5.21.RELEASE\spring-boot-actuator-1.5.21.RELEASE.jar;C:\Users\tang\.m2\repository\org\springframework\boot\spring-boot-starter-freemarker\1.5.21.RELEASE\spring-boot-starter-freemarker-1.5.21.RELEASE.jar;C:\Users\tang\.m2\repository\org\freemarker\freemarker\2.3.28\freemarker-2.3.28.jar;C:\Users\tang\.m2\repository\org\springframework\spring-context-support\4.3.24.RELEASE\spring-context-support-4.3.24.RELEASE.jar;C:\Users\tang\.m2\repository\org\springframework\cloud\spring-cloud-netflix-core\1.4.7.RELEASE\spring-cloud-netflix-core-1.4.7.RELEASE.jar;C:\Users\tang\.m2\repository\org\springframework\cloud\spring-cloud-netflix-eureka-client\1.4.7.RELEASE\spring-cloud-netflix-eureka-client-1.4.7.RELEASE.jar;C:\Users\tang\.m2\repository\com\netflix\eureka\eureka-client\1.7.2\eureka-client-1.7.2.jar;C:\Users\tang\.m2\repository\org\codehaus\jettison\jettison\1.3.7\jettison-1.3.7.jar;C:\Users\tang\.m2\repository\stax\stax-api\1.0.1\stax-api-1.0.1.jar;C:\Users\tang\.m2\repository\com\netflix\netflix-commons\netflix-eventbus\0.3.0\netflix-eventbus-0.3.0.jar;C:\Users\tang\.m2\repository\com\netflix\netflix-commons\netflix-infix\0.3.0\netflix-infix-0.3.0.jar;C:\Users\tang\.m2\repository\commons-jxpath\commons-jxpath\1.3\commons-jxpath-1.3.jar;C:\Users\tang\.m2\repository\org\antlr\antlr-runtime\3.4\antlr-runtime-3.4.jar;C:\Users\tang\.m2\repository\org\antlr\stringtemplate\3.2.1\stringtemplate-3.2.1.jar;C:\Users\tang\.m2\repository\antlr\antlr\2.7.7\antlr-2.7.7.jar;C:\Users\tang\.m2\repository\com\google\code\gson\gson\2.1\gson-2.1.jar;C:\Users\tang\.m2\repository\org\apache\commons\commons-math\2.2\commons-math-2.2.jar;C:\Users\tang\.m2\repository\javax\ws\rs\jsr311-api\1.1.1\jsr311-api-1.1.1.jar;C:\Users\tang\.m2\repository\com\netflix\servo\servo-core\0.10.1\servo-core-0.10.1.jar;C:\Users\tang\.m2\repository\com\netflix\servo\servo-internal\0.10.1\servo-internal-0.10.1.jar;C:\Users\tang\.m2\repository\com\sun\jersey\jersey-core\1.19.1\jersey-core-1.19.1.jar;C:\Users\tang\.m2\repository\com\sun\jersey\jersey-client\1.19.1\jersey-client-1.19.1.jar;C:\Users\tang\.m2\repository\com\sun\jersey\contribs\jersey-apache-client4\1.19.1\jersey-apache-client4-1.19.1.jar;C:\Users\tang\.m2\repository\com\google\inject\guice\4.1.0\guice-4.1.0.jar;C:\Users\tang\.m2\repository\aopalliance\aopalliance\1.0\aopalliance-1.0.jar;C:\Users\tang\.m2\repository\com\sun\jersey\jersey-servlet\1.19.1\jersey-servlet-1.19.1.jar;C:\Users\tang\.m2\repository\com\sun\jersey\jersey-server\1.19.1\jersey-server-1.19.1.jar;C:\Users\tang\.m2\repository\com\netflix\eureka\eureka-core\1.7.2\eureka-core-1.7.2.jar;C:\Users\tang\.m2\repository\com\amazonaws\aws-java-sdk-core\1.11.105\aws-java-sdk-core-1.11.105.jar;C:\Users\tang\.m2\repository\software\amazon\ion\ion-java\1.0.2\ion-java-1.0.2.jar;C:\Users\tang\.m2\repository\com\fasterxml\jackson\dataformat\jackson-dataformat-cbor\2.6.6\jackson-dataformat-cbor-2.6.6.jar;C:\Users\tang\.m2\repository\joda-time\joda-time\2.8.1\joda-time-2.8.1.jar;C:\Users\tang\.m2\repository\com\amazonaws\aws-java-sdk-ec2\1.11.105\aws-java-sdk-ec2-1.11.105.jar;C:\Users\tang\.m2\repository\com\amazonaws\jmespath-java\1.11.105\jmespath-java-1.11.105.jar;C:\Users\tang\.m2\repository\com\amazonaws\aws-java-sdk-autoscaling\1.11.105\aws-java-sdk-autoscaling-1.11.105.jar;C:\Users\tang\.m2\repository\com\amazonaws\aws-java-sdk-sts\1.11.105\aws-java-sdk-sts-1.11.105.jar;C:\Users\tang\.m2\repository\com\amazonaws\aws-java-sdk-route53\1.11.105\aws-java-sdk-route53-1.11.105.jar;C:\Users\tang\.m2\repository\javax\servlet\servlet-api\2.5\servlet-api-2.5.jar;C:\Users\tang\.m2\repository\org\codehaus\woodstox\woodstox-core-asl\4.4.1\woodstox-core-asl-4.4.1.jar;C:\Users\tang\.m2\repository\javax\xml\stream\stax-api\1.0-2\stax-api-1.0-2.jar;C:\Users\tang\.m2\repository\com\netflix\archaius\archaius-core\0.7.4\archaius-core-0.7.4.jar;C:\Users\tang\.m2\repository\com\google\code\findbugs\jsr305\3.0.1\jsr305-3.0.1.jar;C:\Users\tang\.m2\repository\javax\inject\javax.inject\1\javax.inject-1.jar;C:\Users\tang\.m2\repository\com\fasterxml\jackson\dataformat\jackson-dataformat-xml\2.8.11\jackson-dataformat-xml-2.8.11.jar;C:\Users\tang\.m2\repository\com\fasterxml\jackson\module\jackson-module-jaxb-annotations\2.8.11\jackson-module-jaxb-annotations-2.8.11.jar;C:\Users\tang\.m2\repository\org\codehaus\woodstox\stax2-api\3.1.4\stax2-api-3.1.4.jar;C:\Users\tang\.m2\repository\com\fasterxml\woodstox\woodstox-core\5.0.3\woodstox-core-5.0.3.jar;C:\Users\tang\.m2\repository\com\thoughtworks\xstream\xstream\1.4.10\xstream-1.4.10.jar;C:\Users\tang\.m2\repository\xmlpull\xmlpull\1.1.3.1\xmlpull-1.1.3.1.jar;C:\Users\tang\.m2\repository\xpp3\xpp3_min\1.1.4c\xpp3_min-1.1.4c.jar;C:\Users\tang\.m2\repository\org\springframework\cloud\spring-cloud-starter-netflix-archaius\1.4.7.RELEASE\spring-cloud-starter-netflix-archaius-1.4.7.RELEASE.jar;C:\Users\tang\.m2\repository\commons-configuration\commons-configuration\1.8\commons-configuration-1.8.jar;C:\Users\tang\.m2\repository\commons-lang\commons-lang\2.6\commons-lang-2.6.jar;C:\Users\tang\.m2\repository\com\fasterxml\jackson\core\jackson-annotations\2.8.0\jackson-annotations-2.8.0.jar;C:\Users\tang\.m2\repository\com\fasterxml\jackson\core\jackson-core\2.8.11\jackson-core-2.8.11.jar;C:\Users\tang\.m2\repository\com\fasterxml\jackson\core\jackson-databind\2.8.11.3\jackson-databind-2.8.11.3.jar;C:\Users\tang\.m2\repository\com\google\guava\guava\18.0\guava-18.0.jar;C:\Users\tang\.m2\repository\org\springframework\cloud\spring-cloud-starter-netflix-ribbon\1.4.7.RELEASE\spring-cloud-starter-netflix-ribbon-1.4.7.RELEASE.jar;C:\Users\tang\.m2\repository\com\netflix\ribbon\ribbon\2.2.5\ribbon-2.2.5.jar;C:\Users\tang\.m2\repository\com\netflix\ribbon\ribbon-transport\2.2.5\ribbon-transport-2.2.5.jar;C:\Users\tang\.m2\repository\io\reactivex\rxnetty-contexts\0.4.9\rxnetty-contexts-0.4.9.jar;C:\Users\tang\.m2\repository\io\reactivex\rxnetty-servo\0.4.9\rxnetty-servo-0.4.9.jar;C:\Users\tang\.m2\repository\com\netflix\hystrix\hystrix-core\1.4.3\hystrix-core-1.4.3.jar;C:\Users\tang\.m2\repository\io\reactivex\rxnetty\0.4.9\rxnetty-0.4.9.jar;C:\Users\tang\.m2\repository\com\netflix\ribbon\ribbon-core\2.2.5\ribbon-core-2.2.5.jar;C:\Users\tang\.m2\repository\com\netflix\ribbon\ribbon-httpclient\2.2.5\ribbon-httpclient-2.2.5.jar;C:\Users\tang\.m2\repository\commons-collections\commons-collections\3.2.2\commons-collections-3.2.2.jar;C:\Users\tang\.m2\repository\com\netflix\netflix-commons\netflix-commons-util\0.1.1\netflix-commons-util-0.1.1.jar;C:\Users\tang\.m2\repository\com\netflix\ribbon\ribbon-loadbalancer\2.2.5\ribbon-loadbalancer-2.2.5.jar;C:\Users\tang\.m2\repository\com\netflix\netflix-commons\netflix-statistics\0.1.1\netflix-statistics-0.1.1.jar;C:\Users\tang\.m2\repository\io\reactivex\rxjava\1.2.0\rxjava-1.2.0.jar;C:\Users\tang\.m2\repository\com\netflix\ribbon\ribbon-eureka\2.2.5\ribbon-eureka-2.2.5.jar;C:\Users\tang\.m2\repository\org\slf4j\slf4j-api\1.7.12\slf4j-api-1.7.12.jar;C:\Users\tang\.m2\repository\org\springframework\boot\spring-boot-devtools\1.5.18.RELEASE\spring-boot-devtools-1.5.18.RELEASE.jar;C:\Users\tang\.m2\repository\org\springframework\boot\spring-boot\1.5.18.RELEASE\spring-boot-1.5.18.RELEASE.jar;C:\Users\tang\.m2\repository\org\springframework\spring-core\4.3.21.RELEASE\spring-core-4.3.21.RELEASE.jar;C:\Users\tang\.m2\repository\commons-logging\commons-logging\1.2\commons-logging-1.2.jar;C:\Users\tang\.m2\repository\org\springframework\spring-context\4.3.21.RELEASE\spring-context-4.3.21.RELEASE.jar;C:\Users\tang\.m2\repository\org\springframework\spring-aop\4.3.21.RELEASE\spring-aop-4.3.21.RELEASE.jar;C:\Users\tang\.m2\repository\org\springframework\spring-beans\4.3.21.RELEASE\spring-beans-4.3.21.RELEASE.jar;C:\Users\tang\.m2\repository\org\springframework\spring-expression\4.3.21.RELEASE\spring-expression-4.3.21.RELEASE.jar;C:\Users\tang\.m2\repository\org\springframework\boot\spring-boot-autoconfigure\1.5.18.RELEASE\spring-boot-autoconfigure-1.5.18.RELEASE.jar;"/>
    <property name="sun.cpu.endian" value="little"/>
    <property name="user.home" value="C:\Users\tang"/>
    <property name="user.language" value="zh"/>
    <property name="java.specification.vendor" value="Oracle Corporation"/>
    <property name="java.home" value="C:\Program Files (x86)\Java\jdk1.8.0_66\jre"/>
    <property name="basedir" value="G:\project\spring-cloud-learning\spring-cloud-learning-service"/>
    <property name="file.separator" value="\"/>
    <property name="line.separator" value="&#10;"/>
    <property name="java.vm.specification.vendor" value="Oracle Corporation"/>
    <property name="java.specification.name" value="Java Platform API Specification"/>
    <property name="java.awt.graphicsenv" value="sun.awt.Win32GraphicsEnvironment"/>
    <property name="surefire.real.class.path" value="C:\Users\tang\AppData\Local\Temp\surefire2175992918033466814\surefirebooter5153768538336934948.jar"/>
    <property name="sun.boot.class.path" value="C:\Program Files (x86)\Java\jdk1.8.0_66\jre\lib\resources.jar;C:\Program Files (x86)\Java\jdk1.8.0_66\jre\lib\rt.jar;C:\Program Files (x86)\Java\jdk1.8.0_66\jre\lib\sunrsasign.jar;C:\Program Files (x86)\Java\jdk1.8.0_66\jre\lib\jsse.jar;C:\Program Files (x86)\Java\jdk1.8.0_66\jre\lib\jce.jar;C:\Program Files (x86)\Java\jdk1.8.0_66\jre\lib\charsets.jar;C:\Program Files (x86)\Java\jdk1.8.0_66\jre\lib\jfr.jar;C:\Program Files (x86)\Java\jdk1.8.0_66\jre\classes"/>
    <property name="user.script" value=""/>
    <property name="sun.management.compiler" value="HotSpot Client Compiler"/>
    <property name="java.runtime.version" value="1.8.0_66-b18"/>
    <property name="user.name" value="tang"/>
    <property name="path.separator" value=";"/>
    <property name="os.version" value="10.0"/>
    <property name="java.endorsed.dirs" value="C:\Program Files (x86)\Java\jdk1.8.0_66\jre\lib\endorsed"/>
    <property name="java.runtime.name" value="Java(TM) SE Runtime Environment"/>
    <property name="file.encoding" value="GBK"/>
    <property name="java.vm.name" value="Java HotSpot(TM) Client VM"/>
    <property name="localRepository" value="C:\Users\tang\.m2\repository"/>
    <property name="java.vendor.url.bug" value="http://bugreport.sun.com/bugreport/"/>
    <property name="java.io.tmpdir" value="C:\Users\tang\AppData\Local\Temp\"/>
    <property name="java.version" value="1.8.0_66"/>
    <property name="user.dir" value="G:\project\spring-cloud-learning\spring-cloud-learning-service"/>
    <property name="os.arch" value="x86"/>
    <property name="java.vm.specification.name" value="Java Virtual Machine Specification"/>
    <property name="java.awt.printerjob" value="sun.awt.windows.WPrinterJob"/>
    <property name="idea.version2019.1.2" value="true"/>
    <property name="sun.os.patch.level" value=""/>
    <property name="java.library.path" value="C:\Program Files (x86)\Java\jdk1.8.0_66\jre\bin;C:\WINDOWS\Sun\Java\bin;C:\WINDOWS\system32;C:\WINDOWS;C:\ProgramData\Oracle\Java\javapath;C:\WINDOWS\system32;C:\WINDOWS;C:\WINDOWS\System32\Wbem;C:\WINDOWS\System32\WindowsPowerShell\v1.0\;E:\apache-maven-3.6.1\bin;C:\WINDOWS\System32\OpenSSH\;C:\Program Files (x86)\Java\jdk1.8.0_66bin\;%ERLANG_HOME%\bin;%RABBITMQ_SERVER%\sbin;C:\Users\tang\AppData\Local\Microsoft\WindowsApps;;."/>
    <property name="java.vm.info" value="mixed mode"/>
    <property name="java.vendor" value="Oracle Corporation"/>
    <property name="java.vm.version" value="25.66-b18"/>
    <property name="java.ext.dirs" value="C:\Program Files (x86)\Java\jdk1.8.0_66\jre\lib\ext;C:\WINDOWS\Sun\Java\lib\ext"/>
    <property name="sun.io.unicode.encoding" value="UnicodeLittle"/>
    <property name="java.class.version" value="52.0"/>
  </properties>
  <testcase name="shouldAnswerWithTrue" classname="com.spring.cloud.learning.service.AppTest" time="0.001"/>
</testsuite>